#
# A fatal error has been detected by the Java Runtime Environment:
#
#  EXCEPTION_ACCESS_VIOLATION (0xc0000005) at pc=0x00007fff91961ff8, pid=12372, tid=5688
#
# JRE version: Java(TM) SE Runtime Environment (13.0.2+8) (build 13.0.2+8)
# Java VM: Java HotSpot(TM) 64-Bit Server VM (13.0.2+8, mixed mode, sharing, tiered, compressed oops, g1 gc, windows-amd64)
# Problematic frame:
# C  [ntdll.dll+0x41ff8]
#
# No core dump will be written. Minidumps are not enabled by default on client versions of Windows
#
# If you would like to submit a bug report, please visit:
#   http://bugreport.java.com/bugreport/crash.jsp
# The crash happened outside the Java Virtual Machine in native code.
# See problematic frame for where to report the bug.
#

---------------  S U M M A R Y ------------

Command Line: -Dfile.encoding=Cp1252 --module-path=C:\Users\migueltoro\git\adda2020\java\EjemplosPL\bin;C:\Users\migueltoro\git\adda2020\java\EjemplosPL\lib\lpsolve-5.5.2.0.jar;C:\Users\migueltoro\git\adda2020\java\EjemplosPL\lib\commons-math3-3.2.jar;C:\Users\migueltoro\git\adda2020\java\DatosCompartidos\bin;C:\Users\migueltoro\git\adda2020\java\ParteComun\target\classes;C:\Users\migueltoro\git\adda2020\java\ParteComun\lib\commons-math3-3.2.jar;C:\Users\migueltoro\git\adda2020\java\Solve\bin;C:\Users\migueltoro\git\adda2020\java\Solve\lib\lpsolve-5.5.2.0.jar;C:\Users\migueltoro\git\adda2020\java\Solve\lib\gurobi.jar;C:\Users\migueltoro\git\adda2020\java\Grafos\bin;C:\Users\migueltoro\git\adda2020\java\Grafos\lib\commons-math3-3.2.jar;C:\Users\migueltoro\git\adda2020\java\Grafos\lib\jgrapht-core-1.2.0.jar;C:\Users\migueltoro\git\adda2020\java\Grafos\lib\jgrapht-io-1.2.0.jar -Djdk.module.main=ejemplos_pl ejemplos_pl/us.lsi.pli.lpsolve.ReinasLpSolvePLI

Host: Intel(R) Core(TM) i5-6200U CPU @ 2.30GHz, 4 cores, 7G,  Windows 10 , 64 bit Build 18362 (10.0.18362.778)
Time: Sun Jun  7 13:06:11 2020 Hora de verano romance elapsed time: 0 seconds (0d 0h 0m 0s)

---------------  T H R E A D  ---------------

Current thread (0x000001749bead800):  JavaThread "main" [_thread_in_native, id=5688, stack(0x00000041c9000000,0x00000041c9100000)]

Stack: [0x00000041c9000000,0x00000041c9100000],  sp=0x00000041c90ff060,  free space=1020k
Native frames: (J=compiled Java code, j=interpreted, Vv=VM code, C=native code)
C  [ntdll.dll+0x41ff8]
C  [ntdll.dll+0x40790]
C  [ntdll.dll+0x3fb91]
C  [lpsolve55.dll+0x64de0]

Java frames: (J=compiled Java code, j=interpreted, Vv=VM code)
j  lpsolve.LpSolve.deleteLp()V+0 lpsolve@5.5.2.0
j  us.lsi.lpsolve.AlgoritmoLpSolve.ejecuta()V+160 solve
j  us.lsi.lpsolve.AlgoritmoLpSolve.getSolutionFromFile(Ljava/lang/String;)Lus/lsi/lpsolve/SolutionLpSolve;+10 solve
j  us.lsi.pli.lpsolve.ReinasLpSolvePLI.main([Ljava/lang/String;)V+40 ejemplos_pl
v  ~StubRoutines::call_stub

siginfo: EXCEPTION_ACCESS_VIOLATION (0xc0000005), writing address 0x00000174bcd56fcc


Register to memory mapping:

RIP=0x00007fff91961ff8 ntdll.dll
RAX=0x0000000000004842 is an unknown value
RBX=0x00000174bcb50000 points into unknown readable memory: 00 00 00 00 00 00 00 00
RCX=0x00000000000068d8 is an unknown value
RDX=0x000000000000d1b0 is an unknown value
RSP=0x00000041c90ff060 is pointing into the stack for thread: 0x000001749bead800
RBP=0x00000174bcb50000 points into unknown readable memory: 00 00 00 00 00 00 00 00
RSI=0x00000174bccee240 points into unknown readable memory: 00 00 00 00 00 00 00 00
RDI=0x00000174bccee240 points into unknown readable memory: 00 00 00 00 00 00 00 00
R8 =0x00000041c90ff008 is pointing into the stack for thread: 0x000001749bead800
R9 =0x00000041c90ff040 is pointing into the stack for thread: 0x000001749bead800
R10=0x0 is NULL
R11=0x0000000000000246 is an unknown value
R12=0x0000000000000001 is an unknown value
R13=0x0 is NULL
R14=0x00000174bcd50f00 points into unknown readable memory: d0 90 d2 bc 74 01 00 00
R15=0x00000174bccd0080 points into unknown readable memory: 00 0f d5 bc 74 01 00 00


Registers:
RAX=0x0000000000004842, RBX=0x00000174bcb50000, RCX=0x00000000000068d8, RDX=0x000000000000d1b0
RSP=0x00000041c90ff060, RBP=0x00000174bcb50000, RSI=0x00000174bccee240, RDI=0x00000174bccee240
R8 =0x00000041c90ff008, R9 =0x00000041c90ff040, R10=0x0000000000000000, R11=0x0000000000000246
R12=0x0000000000000001, R13=0x0000000000000000, R14=0x00000174bcd50f00, R15=0x00000174bccd0080
RIP=0x00007fff91961ff8, EFLAGS=0x0000000000010206

Top of Stack: (sp=0x00000041c90ff060)
0x00000041c90ff060:   000000000001c000 00000174bcb50000
0x00000041c90ff070:   00000174bccef000 00000174bcd0bac0
0x00000041c90ff080:   00000000000003ff 0000000000001ddd
0x00000041c90ff090:   00000174bcb50000 00000174bcb50000
0x00000041c90ff0a0:   00000000bcb50101 0000000000000000
0x00000041c90ff0b0:   00000000000068d8 0000000000000082
0x00000041c90ff0c0:   00000174bcb50000 0000017400000001
0x00000041c90ff0d0:   0000000000000000 00000174bcd79d00
0x00000041c90ff0e0:   0000000000000082 0000000000000322
0x00000041c90ff0f0:   00000000000003ff 0000000000000001
0x00000041c90ff100:   00000174bccee240 00000000000f0000
0x00000041c90ff110:   0000000000000322 00000000000003ff
0x00000041c90ff120:   0000000000000058 0000000000000001
0x00000041c90ff130:   00000174bcb50c90 0000000000000000
0x00000041c90ff140:   0000000000000000 0000000000000024
0x00000041c90ff150:   0000000000000250 0000000000000082 

Instructions: (pc=0x00007fff91961ff8)
0x00007fff91961ef8:   bc 24 c0 00 00 00 e9 60 ff ff ff 85 c9 74 25 8b
0x00007fff91961f08:   93 88 00 00 00 33 57 08 89 57 08 8b ca c1 e9 10
0x00007fff91961f18:   8b c2 c1 e8 08 32 c8 32 ca c1 ea 18 3a d1 0f 85
0x00007fff91961f28:   b7 05 00 00 4c 8d 57 10 4d 8b 32 4c 8b 7f 18 49
0x00007fff91961f38:   8b 07 4d 8b 4e 08 49 3b c1 0f 85 ac 05 00 00 49
0x00007fff91961f48:   3b c2 0f 85 a3 05 00 00 0f b7 47 08 48 29 83 c0
0x00007fff91961f58:   00 00 00 48 8b 93 38 01 00 00 48 85 d2 74 37 0f
0x00007fff91961f68:   b7 4f 08 0f 1f 44 00 00 8b 42 08 48 3b c8 0f 83
0x00007fff91961f78:   8b 00 00 00 48 8b c1 48 89 8c 24 90 00 00 00 48
0x00007fff91961f88:   89 4c 24 28 89 44 24 20 4d 8b ca 41 b0 01 48 8b
0x00007fff91961f98:   cb e8 36 4a 00 00 4d 89 37 4d 89 7e 08 f6 47 0a
0x00007fff91961fa8:   08 0f 85 2b 04 00 00 0f b6 47 0a a8 04 0f 85 ac
0x00007fff91961fb8:   00 00 00 c6 47 0a 00 c6 47 0f 00 48 8b f7 48 89
0x00007fff91961fc8:   bc 24 a0 00 00 00 0f b7 47 08 48 8b 4c 24 50 48
0x00007fff91961fd8:   03 c8 48 89 4c 24 50 66 89 4f 08 48 8b 4c 24 50
0x00007fff91961fe8:   48 8b d1 48 03 d2 0f b7 83 8c 00 00 00 66 33 c1
0x00007fff91961ff8:   66 89 44 d7 0c 4c 8b 44 24 50 e9 b5 fa ff ff 4c
0x00007fff91962008:   8b 02 4d 85 c0 75 0f ff c8 48 89 84 24 90 00 00
0x00007fff91962018:   00 e9 69 ff ff ff 49 8b d0 e9 4a ff ff ff 65 48
0x00007fff91962028:   8b 14 25 60 00 00 00 48 8b 52 18 48 8b 52 10 48
0x00007fff91962038:   83 c2 58 48 8d 0d be a0 0d 00 e8 d9 16 01 00 4d
0x00007fff91962048:   8d 46 20 4d 03 c7 49 8b d6 48 8d 0d e0 ab 0d 00
0x00007fff91962058:   e8 c3 16 01 00 e8 fe 42 0c 00 e9 87 fb ff ff 0f
0x00007fff91962068:   b7 77 08 48 c1 e6 04 48 83 ee 20 48 89 b4 24 98
0x00007fff91962078:   00 00 00 a8 02 75 46 48 8d 4f 20 41 b8 ee fe ee
0x00007fff91962088:   fe 48 8b d6 e8 ef e7 05 00 4c 8b f0 48 3b c6 0f
0x00007fff91962098:   84 1e ff ff ff 65 48 8b 0c 25 60 00 00 00 48 83
0x00007fff919620a8:   79 18 00 75 2c 48 8d 0d 58 a0 0d 00 e8 67 16 01
0x00007fff919620b8:   00 eb 3f 24 f7 41 88 00 e9 37 f9 ff ff 48 83 fe
0x00007fff919620c8:   04 76 b4 48 83 ee 04 48 89 b4 24 98 00 00 00 eb
0x00007fff919620d8:   a6 65 48 8b 0c 25 60 00 00 00 48 8b 51 18 48 8b
0x00007fff919620e8:   52 10 48 83 c2 58 48 8d 0d 0b a0 0d 00 e8 26 16 


Stack slot to memory mapping:
stack at sp + 0 slots: 0x000000000001c000 is an unknown value
stack at sp + 1 slots: 0x00000174bcb50000 points into unknown readable memory: 00 00 00 00 00 00 00 00
stack at sp + 2 slots: 0x00000174bccef000 points into unknown readable memory: 00 00 00 00 00 00 00 00
stack at sp + 3 slots: 0x00000174bcd0bac0 points into unknown readable memory: 00 00 01 01 00 00 00 00
stack at sp + 4 slots: 0x00000000000003ff is an unknown value
stack at sp + 5 slots: 0x0000000000001ddd is an unknown value
stack at sp + 6 slots: 0x00000174bcb50000 points into unknown readable memory: 00 00 00 00 00 00 00 00
stack at sp + 7 slots: 0x00000174bcb50000 points into unknown readable memory: 00 00 00 00 00 00 00 00


---------------  P R O C E S S  ---------------

Threads class SMR info:
_java_thread_list=0x00000174bb180330, length=11, elements={
0x000001749bead800, 0x00000174ba4ce800, 0x00000174ba4d2000, 0x00000174ba4ed000,
0x00000174ba4ef000, 0x00000174ba4f2000, 0x00000174ba4f8800, 0x00000174ba50a000,
0x00000174ba4b6000, 0x00000174bafe9000, 0x00000174bb5a4000
}

Java Threads: ( => current thread )
=>0x000001749bead800 JavaThread "main" [_thread_in_native, id=5688, stack(0x00000041c9000000,0x00000041c9100000)]
  0x00000174ba4ce800 JavaThread "Reference Handler" daemon [_thread_blocked, id=9960, stack(0x00000041c9700000,0x00000041c9800000)]
  0x00000174ba4d2000 JavaThread "Finalizer" daemon [_thread_blocked, id=1992, stack(0x00000041c9800000,0x00000041c9900000)]
  0x00000174ba4ed000 JavaThread "Signal Dispatcher" daemon [_thread_blocked, id=8588, stack(0x00000041c9900000,0x00000041c9a00000)]
  0x00000174ba4ef000 JavaThread "Attach Listener" daemon [_thread_blocked, id=4468, stack(0x00000041c9a00000,0x00000041c9b00000)]
  0x00000174ba4f2000 JavaThread "C2 CompilerThread0" daemon [_thread_in_native, id=15132, stack(0x00000041c9b00000,0x00000041c9c00000)]
  0x00000174ba4f8800 JavaThread "C1 CompilerThread0" daemon [_thread_blocked, id=17832, stack(0x00000041c9c00000,0x00000041c9d00000)]
  0x00000174ba50a000 JavaThread "Sweeper thread" daemon [_thread_blocked, id=14428, stack(0x00000041c9d00000,0x00000041c9e00000)]
  0x00000174ba4b6000 JavaThread "Common-Cleaner" daemon [_thread_blocked, id=17716, stack(0x00000041c9e00000,0x00000041c9f00000)]
  0x00000174bafe9000 JavaThread "C2 CompilerThread1" daemon [_thread_in_native, id=19912, stack(0x00000041c9f00000,0x00000041ca000000)]
  0x00000174bb5a4000 JavaThread "Service Thread" daemon [_thread_blocked, id=20284, stack(0x00000041ca000000,0x00000041ca100000)]

Other Threads:
  0x00000174ba4cb800 VMThread "VM Thread" [stack: 0x00000041c9600000,0x00000041c9700000] [id=13068]
  0x00000174bb070000 WatcherThread [stack: 0x00000041ca100000,0x00000041ca200000] [id=4492]
  0x000001749bef2800 GCTaskThread "GC Thread#0" [stack: 0x00000041c9100000,0x00000041c9200000] [id=14964]
  0x000001749bf04800 ConcurrentGCThread "G1 Main Marker" [stack: 0x00000041c9200000,0x00000041c9300000] [id=3824]
  0x000001749bf06800 ConcurrentGCThread "G1 Conc#0" [stack: 0x00000041c9300000,0x00000041c9400000] [id=19696]
  0x00000174ba346800 ConcurrentGCThread "G1 Refine#0" [stack: 0x00000041c9400000,0x00000041c9500000] [id=18216]
  0x00000174ba347000 ConcurrentGCThread "G1 Young RemSet Sampling" [stack: 0x00000041c9500000,0x00000041c9600000] [id=19216]

Threads with active compile tasks:
C2 CompilerThread0      615  685       4       java.util.regex.Pattern$Branch::match (66 bytes)
C2 CompilerThread1      615  675       4       java.util.regex.Pattern$GroupHead::match (47 bytes)

VM state:not at safepoint (normal execution)

VM Mutex/Monitor currently owned by a thread: None

Heap address: 0x0000000081800000, size: 2024 MB, Compressed Oops mode: 32-bit
Narrow klass base: 0x0000000800000000, Narrow klass shift: 3
Compressed class space size: 1073741824 Address: 0x0000000800b40000

Heap:
 garbage-first heap   total 131072K, used 11264K [0x0000000081800000, 0x0000000100000000)
  region size 1024K, 12 young (12288K), 0 survivors (0K)
 Metaspace       used 1746K, capacity 5080K, committed 5248K, reserved 1056768K
  class space    used 172K, capacity 524K, committed 640K, reserved 1048576K
Heap Regions: E=young(eden), S=young(survivor), O=old, HS=humongous(starts), HC=humongous(continues), CS=collection set, F=free, A=archive, TAMS=top-at-mark-start (previous, next)
|   0|0x0000000081800000, 0x0000000081800000, 0x0000000081900000|  0%| F|  |TAMS 0x0000000081800000, 0x0000000081800000| Untracked 
|   1|0x0000000081900000, 0x0000000081900000, 0x0000000081a00000|  0%| F|  |TAMS 0x0000000081900000, 0x0000000081900000| Untracked 
|   2|0x0000000081a00000, 0x0000000081a00000, 0x0000000081b00000|  0%| F|  |TAMS 0x0000000081a00000, 0x0000000081a00000| Untracked 
|   3|0x0000000081b00000, 0x0000000081b00000, 0x0000000081c00000|  0%| F|  |TAMS 0x0000000081b00000, 0x0000000081b00000| Untracked 
|   4|0x0000000081c00000, 0x0000000081c00000, 0x0000000081d00000|  0%| F|  |TAMS 0x0000000081c00000, 0x0000000081c00000| Untracked 
|   5|0x0000000081d00000, 0x0000000081d00000, 0x0000000081e00000|  0%| F|  |TAMS 0x0000000081d00000, 0x0000000081d00000| Untracked 
|   6|0x0000000081e00000, 0x0000000081e00000, 0x0000000081f00000|  0%| F|  |TAMS 0x0000000081e00000, 0x0000000081e00000| Untracked 
|   7|0x0000000081f00000, 0x0000000081f00000, 0x0000000082000000|  0%| F|  |TAMS 0x0000000081f00000, 0x0000000081f00000| Untracked 
|   8|0x0000000082000000, 0x0000000082000000, 0x0000000082100000|  0%| F|  |TAMS 0x0000000082000000, 0x0000000082000000| Untracked 
|   9|0x0000000082100000, 0x0000000082100000, 0x0000000082200000|  0%| F|  |TAMS 0x0000000082100000, 0x0000000082100000| Untracked 
|  10|0x0000000082200000, 0x0000000082200000, 0x0000000082300000|  0%| F|  |TAMS 0x0000000082200000, 0x0000000082200000| Untracked 
|  11|0x0000000082300000, 0x0000000082300000, 0x0000000082400000|  0%| F|  |TAMS 0x0000000082300000, 0x0000000082300000| Untracked 
|  12|0x0000000082400000, 0x0000000082400000, 0x0000000082500000|  0%| F|  |TAMS 0x0000000082400000, 0x0000000082400000| Untracked 
|  13|0x0000000082500000, 0x0000000082500000, 0x0000000082600000|  0%| F|  |TAMS 0x0000000082500000, 0x0000000082500000| Untracked 
|  14|0x0000000082600000, 0x0000000082600000, 0x0000000082700000|  0%| F|  |TAMS 0x0000000082600000, 0x0000000082600000| Untracked 
|  15|0x0000000082700000, 0x0000000082700000, 0x0000000082800000|  0%| F|  |TAMS 0x0000000082700000, 0x0000000082700000| Untracked 
|  16|0x0000000082800000, 0x0000000082800000, 0x0000000082900000|  0%| F|  |TAMS 0x0000000082800000, 0x0000000082800000| Untracked 
|  17|0x0000000082900000, 0x0000000082900000, 0x0000000082a00000|  0%| F|  |TAMS 0x0000000082900000, 0x0000000082900000| Untracked 
|  18|0x0000000082a00000, 0x0000000082a00000, 0x0000000082b00000|  0%| F|  |TAMS 0x0000000082a00000, 0x0000000082a00000| Untracked 
|  19|0x0000000082b00000, 0x0000000082b00000, 0x0000000082c00000|  0%| F|  |TAMS 0x0000000082b00000, 0x0000000082b00000| Untracked 
|  20|0x0000000082c00000, 0x0000000082c00000, 0x0000000082d00000|  0%| F|  |TAMS 0x0000000082c00000, 0x0000000082c00000| Untracked 
|  21|0x0000000082d00000, 0x0000000082d00000, 0x0000000082e00000|  0%| F|  |TAMS 0x0000000082d00000, 0x0000000082d00000| Untracked 
|  22|0x0000000082e00000, 0x0000000082e00000, 0x0000000082f00000|  0%| F|  |TAMS 0x0000000082e00000, 0x0000000082e00000| Untracked 
|  23|0x0000000082f00000, 0x0000000082f00000, 0x0000000083000000|  0%| F|  |TAMS 0x0000000082f00000, 0x0000000082f00000| Untracked 
|  24|0x0000000083000000, 0x0000000083000000, 0x0000000083100000|  0%| F|  |TAMS 0x0000000083000000, 0x0000000083000000| Untracked 
|  25|0x0000000083100000, 0x0000000083100000, 0x0000000083200000|  0%| F|  |TAMS 0x0000000083100000, 0x0000000083100000| Untracked 
|  26|0x0000000083200000, 0x0000000083200000, 0x0000000083300000|  0%| F|  |TAMS 0x0000000083200000, 0x0000000083200000| Untracked 
|  27|0x0000000083300000, 0x0000000083300000, 0x0000000083400000|  0%| F|  |TAMS 0x0000000083300000, 0x0000000083300000| Untracked 
|  28|0x0000000083400000, 0x0000000083400000, 0x0000000083500000|  0%| F|  |TAMS 0x0000000083400000, 0x0000000083400000| Untracked 
|  29|0x0000000083500000, 0x0000000083500000, 0x0000000083600000|  0%| F|  |TAMS 0x0000000083500000, 0x0000000083500000| Untracked 
|  30|0x0000000083600000, 0x0000000083600000, 0x0000000083700000|  0%| F|  |TAMS 0x0000000083600000, 0x0000000083600000| Untracked 
|  31|0x0000000083700000, 0x0000000083700000, 0x0000000083800000|  0%| F|  |TAMS 0x0000000083700000, 0x0000000083700000| Untracked 
|  32|0x0000000083800000, 0x0000000083800000, 0x0000000083900000|  0%| F|  |TAMS 0x0000000083800000, 0x0000000083800000| Untracked 
|  33|0x0000000083900000, 0x0000000083900000, 0x0000000083a00000|  0%| F|  |TAMS 0x0000000083900000, 0x0000000083900000| Untracked 
|  34|0x0000000083a00000, 0x0000000083a00000, 0x0000000083b00000|  0%| F|  |TAMS 0x0000000083a00000, 0x0000000083a00000| Untracked 
|  35|0x0000000083b00000, 0x0000000083b00000, 0x0000000083c00000|  0%| F|  |TAMS 0x0000000083b00000, 0x0000000083b00000| Untracked 
|  36|0x0000000083c00000, 0x0000000083c00000, 0x0000000083d00000|  0%| F|  |TAMS 0x0000000083c00000, 0x0000000083c00000| Untracked 
|  37|0x0000000083d00000, 0x0000000083d00000, 0x0000000083e00000|  0%| F|  |TAMS 0x0000000083d00000, 0x0000000083d00000| Untracked 
|  38|0x0000000083e00000, 0x0000000083e00000, 0x0000000083f00000|  0%| F|  |TAMS 0x0000000083e00000, 0x0000000083e00000| Untracked 
|  39|0x0000000083f00000, 0x0000000083f00000, 0x0000000084000000|  0%| F|  |TAMS 0x0000000083f00000, 0x0000000083f00000| Untracked 
|  40|0x0000000084000000, 0x0000000084000000, 0x0000000084100000|  0%| F|  |TAMS 0x0000000084000000, 0x0000000084000000| Untracked 
|  41|0x0000000084100000, 0x0000000084100000, 0x0000000084200000|  0%| F|  |TAMS 0x0000000084100000, 0x0000000084100000| Untracked 
|  42|0x0000000084200000, 0x0000000084200000, 0x0000000084300000|  0%| F|  |TAMS 0x0000000084200000, 0x0000000084200000| Untracked 
|  43|0x0000000084300000, 0x0000000084300000, 0x0000000084400000|  0%| F|  |TAMS 0x0000000084300000, 0x0000000084300000| Untracked 
|  44|0x0000000084400000, 0x0000000084400000, 0x0000000084500000|  0%| F|  |TAMS 0x0000000084400000, 0x0000000084400000| Untracked 
|  45|0x0000000084500000, 0x0000000084500000, 0x0000000084600000|  0%| F|  |TAMS 0x0000000084500000, 0x0000000084500000| Untracked 
|  46|0x0000000084600000, 0x0000000084600000, 0x0000000084700000|  0%| F|  |TAMS 0x0000000084600000, 0x0000000084600000| Untracked 
|  47|0x0000000084700000, 0x0000000084700000, 0x0000000084800000|  0%| F|  |TAMS 0x0000000084700000, 0x0000000084700000| Untracked 
|  48|0x0000000084800000, 0x0000000084800000, 0x0000000084900000|  0%| F|  |TAMS 0x0000000084800000, 0x0000000084800000| Untracked 
|  49|0x0000000084900000, 0x0000000084900000, 0x0000000084a00000|  0%| F|  |TAMS 0x0000000084900000, 0x0000000084900000| Untracked 
|  50|0x0000000084a00000, 0x0000000084a00000, 0x0000000084b00000|  0%| F|  |TAMS 0x0000000084a00000, 0x0000000084a00000| Untracked 
|  51|0x0000000084b00000, 0x0000000084b00000, 0x0000000084c00000|  0%| F|  |TAMS 0x0000000084b00000, 0x0000000084b00000| Untracked 
|  52|0x0000000084c00000, 0x0000000084c00000, 0x0000000084d00000|  0%| F|  |TAMS 0x0000000084c00000, 0x0000000084c00000| Untracked 
|  53|0x0000000084d00000, 0x0000000084d00000, 0x0000000084e00000|  0%| F|  |TAMS 0x0000000084d00000, 0x0000000084d00000| Untracked 
|  54|0x0000000084e00000, 0x0000000084e00000, 0x0000000084f00000|  0%| F|  |TAMS 0x0000000084e00000, 0x0000000084e00000| Untracked 
|  55|0x0000000084f00000, 0x0000000084f00000, 0x0000000085000000|  0%| F|  |TAMS 0x0000000084f00000, 0x0000000084f00000| Untracked 
|  56|0x0000000085000000, 0x0000000085000000, 0x0000000085100000|  0%| F|  |TAMS 0x0000000085000000, 0x0000000085000000| Untracked 
|  57|0x0000000085100000, 0x0000000085100000, 0x0000000085200000|  0%| F|  |TAMS 0x0000000085100000, 0x0000000085100000| Untracked 
|  58|0x0000000085200000, 0x0000000085200000, 0x0000000085300000|  0%| F|  |TAMS 0x0000000085200000, 0x0000000085200000| Untracked 
|  59|0x0000000085300000, 0x0000000085300000, 0x0000000085400000|  0%| F|  |TAMS 0x0000000085300000, 0x0000000085300000| Untracked 
|  60|0x0000000085400000, 0x0000000085400000, 0x0000000085500000|  0%| F|  |TAMS 0x0000000085400000, 0x0000000085400000| Untracked 
|  61|0x0000000085500000, 0x0000000085500000, 0x0000000085600000|  0%| F|  |TAMS 0x0000000085500000, 0x0000000085500000| Untracked 
|  62|0x0000000085600000, 0x0000000085600000, 0x0000000085700000|  0%| F|  |TAMS 0x0000000085600000, 0x0000000085600000| Untracked 
|  63|0x0000000085700000, 0x0000000085700000, 0x0000000085800000|  0%| F|  |TAMS 0x0000000085700000, 0x0000000085700000| Untracked 
|  64|0x0000000085800000, 0x0000000085800000, 0x0000000085900000|  0%| F|  |TAMS 0x0000000085800000, 0x0000000085800000| Untracked 
|  65|0x0000000085900000, 0x0000000085900000, 0x0000000085a00000|  0%| F|  |TAMS 0x0000000085900000, 0x0000000085900000| Untracked 
|  66|0x0000000085a00000, 0x0000000085a00000, 0x0000000085b00000|  0%| F|  |TAMS 0x0000000085a00000, 0x0000000085a00000| Untracked 
|  67|0x0000000085b00000, 0x0000000085b00000, 0x0000000085c00000|  0%| F|  |TAMS 0x0000000085b00000, 0x0000000085b00000| Untracked 
|  68|0x0000000085c00000, 0x0000000085c00000, 0x0000000085d00000|  0%| F|  |TAMS 0x0000000085c00000, 0x0000000085c00000| Untracked 
|  69|0x0000000085d00000, 0x0000000085d00000, 0x0000000085e00000|  0%| F|  |TAMS 0x0000000085d00000, 0x0000000085d00000| Untracked 
|  70|0x0000000085e00000, 0x0000000085e00000, 0x0000000085f00000|  0%| F|  |TAMS 0x0000000085e00000, 0x0000000085e00000| Untracked 
|  71|0x0000000085f00000, 0x0000000085f00000, 0x0000000086000000|  0%| F|  |TAMS 0x0000000085f00000, 0x0000000085f00000| Untracked 
|  72|0x0000000086000000, 0x0000000086000000, 0x0000000086100000|  0%| F|  |TAMS 0x0000000086000000, 0x0000000086000000| Untracked 
|  73|0x0000000086100000, 0x0000000086100000, 0x0000000086200000|  0%| F|  |TAMS 0x0000000086100000, 0x0000000086100000| Untracked 
|  74|0x0000000086200000, 0x0000000086200000, 0x0000000086300000|  0%| F|  |TAMS 0x0000000086200000, 0x0000000086200000| Untracked 
|  75|0x0000000086300000, 0x0000000086300000, 0x0000000086400000|  0%| F|  |TAMS 0x0000000086300000, 0x0000000086300000| Untracked 
|  76|0x0000000086400000, 0x0000000086400000, 0x0000000086500000|  0%| F|  |TAMS 0x0000000086400000, 0x0000000086400000| Untracked 
|  77|0x0000000086500000, 0x0000000086500000, 0x0000000086600000|  0%| F|  |TAMS 0x0000000086500000, 0x0000000086500000| Untracked 
|  78|0x0000000086600000, 0x0000000086600000, 0x0000000086700000|  0%| F|  |TAMS 0x0000000086600000, 0x0000000086600000| Untracked 
|  79|0x0000000086700000, 0x0000000086700000, 0x0000000086800000|  0%| F|  |TAMS 0x0000000086700000, 0x0000000086700000| Untracked 
|  80|0x0000000086800000, 0x0000000086800000, 0x0000000086900000|  0%| F|  |TAMS 0x0000000086800000, 0x0000000086800000| Untracked 
|  81|0x0000000086900000, 0x0000000086900000, 0x0000000086a00000|  0%| F|  |TAMS 0x0000000086900000, 0x0000000086900000| Untracked 
|  82|0x0000000086a00000, 0x0000000086a00000, 0x0000000086b00000|  0%| F|  |TAMS 0x0000000086a00000, 0x0000000086a00000| Untracked 
|  83|0x0000000086b00000, 0x0000000086b00000, 0x0000000086c00000|  0%| F|  |TAMS 0x0000000086b00000, 0x0000000086b00000| Untracked 
|  84|0x0000000086c00000, 0x0000000086c00000, 0x0000000086d00000|  0%| F|  |TAMS 0x0000000086c00000, 0x0000000086c00000| Untracked 
|  85|0x0000000086d00000, 0x0000000086d00000, 0x0000000086e00000|  0%| F|  |TAMS 0x0000000086d00000, 0x0000000086d00000| Untracked 
|  86|0x0000000086e00000, 0x0000000086e00000, 0x0000000086f00000|  0%| F|  |TAMS 0x0000000086e00000, 0x0000000086e00000| Untracked 
|  87|0x0000000086f00000, 0x0000000086f00000, 0x0000000087000000|  0%| F|  |TAMS 0x0000000086f00000, 0x0000000086f00000| Untracked 
|  88|0x0000000087000000, 0x0000000087000000, 0x0000000087100000|  0%| F|  |TAMS 0x0000000087000000, 0x0000000087000000| Untracked 
|  89|0x0000000087100000, 0x0000000087100000, 0x0000000087200000|  0%| F|  |TAMS 0x0000000087100000, 0x0000000087100000| Untracked 
|  90|0x0000000087200000, 0x0000000087200000, 0x0000000087300000|  0%| F|  |TAMS 0x0000000087200000, 0x0000000087200000| Untracked 
|  91|0x0000000087300000, 0x0000000087300000, 0x0000000087400000|  0%| F|  |TAMS 0x0000000087300000, 0x0000000087300000| Untracked 
|  92|0x0000000087400000, 0x0000000087400000, 0x0000000087500000|  0%| F|  |TAMS 0x0000000087400000, 0x0000000087400000| Untracked 
|  93|0x0000000087500000, 0x0000000087500000, 0x0000000087600000|  0%| F|  |TAMS 0x0000000087500000, 0x0000000087500000| Untracked 
|  94|0x0000000087600000, 0x0000000087600000, 0x0000000087700000|  0%| F|  |TAMS 0x0000000087600000, 0x0000000087600000| Untracked 
|  95|0x0000000087700000, 0x0000000087700000, 0x0000000087800000|  0%| F|  |TAMS 0x0000000087700000, 0x0000000087700000| Untracked 
|  96|0x0000000087800000, 0x0000000087800000, 0x0000000087900000|  0%| F|  |TAMS 0x0000000087800000, 0x0000000087800000| Untracked 
|  97|0x0000000087900000, 0x0000000087900000, 0x0000000087a00000|  0%| F|  |TAMS 0x0000000087900000, 0x0000000087900000| Untracked 
|  98|0x0000000087a00000, 0x0000000087a00000, 0x0000000087b00000|  0%| F|  |TAMS 0x0000000087a00000, 0x0000000087a00000| Untracked 
|  99|0x0000000087b00000, 0x0000000087b00000, 0x0000000087c00000|  0%| F|  |TAMS 0x0000000087b00000, 0x0000000087b00000| Untracked 
| 100|0x0000000087c00000, 0x0000000087c00000, 0x0000000087d00000|  0%| F|  |TAMS 0x0000000087c00000, 0x0000000087c00000| Untracked 
| 101|0x0000000087d00000, 0x0000000087d00000, 0x0000000087e00000|  0%| F|  |TAMS 0x0000000087d00000, 0x0000000087d00000| Untracked 
| 102|0x0000000087e00000, 0x0000000087e00000, 0x0000000087f00000|  0%| F|  |TAMS 0x0000000087e00000, 0x0000000087e00000| Untracked 
| 103|0x0000000087f00000, 0x0000000087f00000, 0x0000000088000000|  0%| F|  |TAMS 0x0000000087f00000, 0x0000000087f00000| Untracked 
| 104|0x0000000088000000, 0x0000000088000000, 0x0000000088100000|  0%| F|  |TAMS 0x0000000088000000, 0x0000000088000000| Untracked 
| 105|0x0000000088100000, 0x0000000088100000, 0x0000000088200000|  0%| F|  |TAMS 0x0000000088100000, 0x0000000088100000| Untracked 
| 106|0x0000000088200000, 0x0000000088200000, 0x0000000088300000|  0%| F|  |TAMS 0x0000000088200000, 0x0000000088200000| Untracked 
| 107|0x0000000088300000, 0x0000000088300000, 0x0000000088400000|  0%| F|  |TAMS 0x0000000088300000, 0x0000000088300000| Untracked 
| 108|0x0000000088400000, 0x0000000088400000, 0x0000000088500000|  0%| F|  |TAMS 0x0000000088400000, 0x0000000088400000| Untracked 
| 109|0x0000000088500000, 0x0000000088500000, 0x0000000088600000|  0%| F|  |TAMS 0x0000000088500000, 0x0000000088500000| Untracked 
| 110|0x0000000088600000, 0x0000000088600000, 0x0000000088700000|  0%| F|  |TAMS 0x0000000088600000, 0x0000000088600000| Untracked 
| 111|0x0000000088700000, 0x0000000088700000, 0x0000000088800000|  0%| F|  |TAMS 0x0000000088700000, 0x0000000088700000| Untracked 
| 112|0x0000000088800000, 0x0000000088800000, 0x0000000088900000|  0%| F|  |TAMS 0x0000000088800000, 0x0000000088800000| Untracked 
| 113|0x0000000088900000, 0x0000000088900000, 0x0000000088a00000|  0%| F|  |TAMS 0x0000000088900000, 0x0000000088900000| Untracked 
| 114|0x0000000088a00000, 0x0000000088a00000, 0x0000000088b00000|  0%| F|  |TAMS 0x0000000088a00000, 0x0000000088a00000| Untracked 
| 115|0x0000000088b00000, 0x0000000088b00000, 0x0000000088c00000|  0%| F|  |TAMS 0x0000000088b00000, 0x0000000088b00000| Untracked 
| 116|0x0000000088c00000, 0x0000000088c8fe30, 0x0000000088d00000| 56%| E|  |TAMS 0x0000000088c00000, 0x0000000088c00000| Complete 
| 117|0x0000000088d00000, 0x0000000088e00000, 0x0000000088e00000|100%| E|CS|TAMS 0x0000000088d00000, 0x0000000088d00000| Complete 
| 118|0x0000000088e00000, 0x0000000088f00000, 0x0000000088f00000|100%| E|CS|TAMS 0x0000000088e00000, 0x0000000088e00000| Complete 
| 119|0x0000000088f00000, 0x0000000089000000, 0x0000000089000000|100%| E|CS|TAMS 0x0000000088f00000, 0x0000000088f00000| Complete 
| 120|0x0000000089000000, 0x0000000089100000, 0x0000000089100000|100%| E|CS|TAMS 0x0000000089000000, 0x0000000089000000| Complete 
| 121|0x0000000089100000, 0x0000000089200000, 0x0000000089200000|100%| E|CS|TAMS 0x0000000089100000, 0x0000000089100000| Complete 
| 122|0x0000000089200000, 0x0000000089300000, 0x0000000089300000|100%| E|CS|TAMS 0x0000000089200000, 0x0000000089200000| Complete 
| 123|0x0000000089300000, 0x0000000089400000, 0x0000000089400000|100%| E|CS|TAMS 0x0000000089300000, 0x0000000089300000| Complete 
| 124|0x0000000089400000, 0x0000000089500000, 0x0000000089500000|100%| E|CS|TAMS 0x0000000089400000, 0x0000000089400000| Complete 
| 125|0x0000000089500000, 0x0000000089600000, 0x0000000089600000|100%| E|CS|TAMS 0x0000000089500000, 0x0000000089500000| Complete 
| 126|0x0000000089600000, 0x0000000089700000, 0x0000000089700000|100%| E|CS|TAMS 0x0000000089600000, 0x0000000089600000| Complete 
| 127|0x0000000089700000, 0x0000000089800000, 0x0000000089800000|100%| E|CS|TAMS 0x0000000089700000, 0x0000000089700000| Complete 

Card table byte_map: [0x00000174b37b0000,0x00000174b3bb0000] _byte_map_base: 0x00000174b33a4000

Marking Bits (Prev, Next): (CMBitMap*) 0x000001749bef35a8, (CMBitMap*) 0x000001749bef35e8
 Prev Bits: [0x00000174b3fb0000, 0x00000174b5f50000)
 Next Bits: [0x00000174b5f50000, 0x00000174b7ef0000)

Polling page: 0x0000017499ce0000

Metaspace:

Usage:
  Non-class:      4.45 MB capacity,     1.54 MB ( 35%) used,     2.90 MB ( 65%) free+waste,    12.31 KB ( <1%) overhead. 
      Class:    524.00 KB capacity,   172.79 KB ( 33%) used,   344.65 KB ( 66%) free+waste,     6.56 KB (  1%) overhead. 
       Both:      4.96 MB capacity,     1.71 MB ( 34%) used,     3.24 MB ( 65%) free+waste,    18.88 KB ( <1%) overhead. 

Virtual space:
  Non-class space:        8.00 MB reserved,       4.50 MB ( 56%) committed 
      Class space:        1.00 GB reserved,     640.00 KB ( <1%) committed 
             Both:        1.01 GB reserved,       5.13 MB ( <1%) committed 

Chunk freelists:
   Non-Class:  52.00 KB
       Class:  20.00 KB
        Both:  72.00 KB

MaxMetaspaceSize: 17179869184.00 GB
CompressedClassSpaceSize: 1.00 GB

CodeHeap 'non-profiled nmethods': size=120000Kb used=236Kb max_used=236Kb free=119763Kb
 bounds [0x00000174abe80000, 0x00000174ac0f0000, 0x00000174b33b0000]
CodeHeap 'profiled nmethods': size=120000Kb used=1390Kb max_used=1390Kb free=118609Kb
 bounds [0x00000174a4950000, 0x00000174a4bc0000, 0x00000174abe80000]
CodeHeap 'non-nmethods': size=5760Kb used=1141Kb max_used=1145Kb free=4618Kb
 bounds [0x00000174a43b0000, 0x00000174a4620000, 0x00000174a4950000]
 total_blobs=1601 nmethods=792 adapters=294
 compilation: enabled
              stopped_count=0, restarted_count=0
 full_count=0

Compilation events (20 events):
Event: 0.461 Thread 0x00000174ba4f8800  795       2       java.util.RegularEnumSet::contains (57 bytes)
Event: 0.462 Thread 0x00000174ba4f8800 nmethod 795 0x00000174a4aa8390 code [0x00000174a4aa8540, 0x00000174a4aa87f0]
Event: 0.462 Thread 0x00000174ba4f8800  796       2       java.lang.StringUTF16::compress (50 bytes)
Event: 0.462 Thread 0x00000174ba4f8800 nmethod 796 0x00000174a4aa8910 code [0x00000174a4aa8ac0, 0x00000174a4aa8cd8]
Event: 0.464 Thread 0x00000174ba4f8800  797       2       sun.nio.cs.SingleByte$Encoder::encode (32 bytes)
Event: 0.464 Thread 0x00000174ba4f8800 nmethod 797 0x00000174a4aa8e90 code [0x00000174a4aa9040, 0x00000174a4aa9238]
Event: 0.466 Thread 0x00000174ba4f8800  798       1       java.nio.Buffer::position (5 bytes)
Event: 0.466 Thread 0x00000174ba4f8800 nmethod 798 0x00000174abeba310 code [0x00000174abeba4a0, 0x00000174abeba5d8]
Event: 0.468 Thread 0x00000174ba4f8800  799       2       java.lang.invoke.MemberName::checkForTypeAlias (172 bytes)
Event: 0.470 Thread 0x00000174ba4f8800 nmethod 799 0x00000174a4aa9390 code [0x00000174a4aa96c0, 0x00000174a4aaa380]
Event: 0.470 Thread 0x00000174ba4f8800  800       2       java.lang.reflect.Modifier::isStatic (13 bytes)
Event: 0.470 Thread 0x00000174ba4f8800 nmethod 800 0x00000174a4aaa910 code [0x00000174a4aaaaa0, 0x00000174a4aaabf8]
Event: 0.481 Thread 0x00000174ba4f8800  803       1       java.util.zip.Inflater$InflaterZStreamRef::address (5 bytes)
Event: 0.481 Thread 0x00000174ba4f8800 nmethod 803 0x00000174abeba990 code [0x00000174abebab20, 0x00000174abebac58]
Event: 0.481 Thread 0x00000174ba4f8800  804       2       java.util.Optional::orElse (16 bytes)
Event: 0.481 Thread 0x00000174ba4f8800 nmethod 804 0x00000174a4aaac90 code [0x00000174a4aaae20, 0x00000174a4aaafb8]
Event: 0.481 Thread 0x00000174ba4f8800  805       2       jdk.internal.misc.Unsafe::putReferenceRelease (9 bytes)
Event: 0.481 Thread 0x00000174ba4f8800 nmethod 805 0x00000174a4aab090 code [0x00000174a4aab240, 0x00000174a4aab418]
Event: 0.481 Thread 0x00000174ba4f8800  807       2       java.util.concurrent.ConcurrentHashMap::setTabAt (20 bytes)
Event: 0.482 Thread 0x00000174ba4f8800 nmethod 807 0x00000174a4aab490 code [0x00000174a4aab620, 0x00000174a4aab7b8]

GC Heap History (0 events):
No events

Deoptimization events (20 events):
Event: 0.239 Thread 0x000001749bead800 DEOPT PACKING pc=0x00000174a4996a50 sp=0x00000041c90fe000
Event: 0.239 Thread 0x000001749bead800 DEOPT UNPACKING pc=0x00000174a43f964e sp=0x00000041c90fd488 mode 0
Event: 0.239 Thread 0x000001749bead800 DEOPT PACKING pc=0x00000174a4996a50 sp=0x00000041c90fe000
Event: 0.239 Thread 0x000001749bead800 DEOPT UNPACKING pc=0x00000174a43f964e sp=0x00000041c90fd488 mode 0
Event: 0.293 Thread 0x000001749bead800 Uncommon trap: trap_request=0xffffff45 fr.pc=0x00000174abea2908 relative=0x0000000000000b68
Event: 0.293 Thread 0x000001749bead800 Uncommon trap: reason=unstable_if action=reinterpret pc=0x00000174abea2908 method=java.util.HashMap.putVal(ILjava/lang/Object;Ljava/lang/Object;ZZ)Ljava/lang/Object; @ 81 c2
Event: 0.293 Thread 0x000001749bead800 DEOPT PACKING pc=0x00000174abea2908 sp=0x00000041c90fece0
Event: 0.293 Thread 0x000001749bead800 DEOPT UNPACKING pc=0x00000174a43f912f sp=0x00000041c90fec80 mode 2
Event: 0.316 Thread 0x000001749bead800 Uncommon trap: trap_request=0xffffff45 fr.pc=0x00000174abe85da0 relative=0x0000000000000080
Event: 0.316 Thread 0x000001749bead800 Uncommon trap: reason=unstable_if action=reinterpret pc=0x00000174abe85da0 method=java.lang.String.isLatin1()Z @ 10 c2
Event: 0.316 Thread 0x000001749bead800 DEOPT PACKING pc=0x00000174abe85da0 sp=0x00000041c90fef60
Event: 0.316 Thread 0x000001749bead800 DEOPT UNPACKING pc=0x00000174a43f912f sp=0x00000041c90feea0 mode 2
Event: 0.351 Thread 0x000001749bead800 Uncommon trap: trap_request=0xffffff45 fr.pc=0x00000174abe88388 relative=0x0000000000000068
Event: 0.351 Thread 0x000001749bead800 Uncommon trap: reason=unstable_if action=reinterpret pc=0x00000174abe88388 method=java.lang.String.isLatin1()Z @ 10 c2
Event: 0.351 Thread 0x000001749bead800 DEOPT PACKING pc=0x00000174abe88388 sp=0x00000041c90fefa0
Event: 0.351 Thread 0x000001749bead800 DEOPT UNPACKING pc=0x00000174a43f912f sp=0x00000041c90fef30 mode 2
Event: 0.351 Thread 0x000001749bead800 Uncommon trap: trap_request=0xffffff45 fr.pc=0x00000174abe90264 relative=0x0000000000000044
Event: 0.351 Thread 0x000001749bead800 Uncommon trap: reason=unstable_if action=reinterpret pc=0x00000174abe90264 method=java.lang.CharacterData.of(I)Ljava/lang/CharacterData; @ 4 c2
Event: 0.351 Thread 0x000001749bead800 DEOPT PACKING pc=0x00000174abe90264 sp=0x00000041c90feac0
Event: 0.351 Thread 0x000001749bead800 DEOPT UNPACKING pc=0x00000174a43f912f sp=0x00000041c90fea60 mode 2

Classes unloaded (0 events):
No events

Classes redefined (0 events):
No events

Internal exceptions (9 events):
Event: 0.106 Thread 0x000001749bead800 Exception <a 'java/lang/NoSuchMethodError'{0x00000000897f3700}: 'int java.lang.invoke.DirectMethodHandle$Holder.invokeSpecial(java.lang.Object, java.lang.Object, java.lang.Object, java.lang.Object)'> (0x00000000897f3700) 
thrown [t:/workspace/open/src/hotspot/share/interpreter/linkResolver.cpp, line 767]
Event: 0.111 Thread 0x000001749bead800 Exception <a 'java/lang/NoSuchMethodError'{0x00000000897fb870}: 'void java.lang.invoke.DirectMethodHandle$Holder.invokeVirtual(java.lang.Object, java.lang.Object)'> (0x00000000897fb870) 
thrown [t:/workspace/open/src/hotspot/share/interpreter/linkResolver.cpp, line 767]
Event: 0.152 Thread 0x000001749bead800 Exception <a 'java/lang/NoSuchMethodError'{0x0000000089654d28}: 'int java.lang.invoke.DirectMethodHandle$Holder.invokeSpecialIFC(java.lang.Object, java.lang.Object, int)'> (0x0000000089654d28) 
thrown [t:/workspace/open/src/hotspot/share/interpreter/linkResolver.cpp, line 767]
Event: 0.290 Thread 0x000001749bead800 Exception <a 'java/lang/NoSuchMethodError'{0x00000000891b33f8}: 'void java.lang.invoke.DirectMethodHandle$Holder.invokeSpecial(java.lang.Object, java.lang.Object, java.lang.Object, java.lang.Object, java.lang.Object)'> (0x00000000891b33f8) 
thrown [t:/workspace/open/src/hotspot/share/interpreter/linkResolver.cpp, line 767]
Event: 0.294 Thread 0x000001749bead800 Exception <a 'java/lang/IncompatibleClassChangeError'{0x00000000891c6ac0}: Found class java.lang.Object, but interface was expected> (0x00000000891c6ac0) 
thrown [t:/workspace/open/src/hotspot/share/interpreter/linkResolver.cpp, line 833]
Event: 0.295 Thread 0x000001749bead800 Exception <a 'java/lang/NoSuchMethodError'{0x00000000891c95d8}: 'void java.lang.invoke.DirectMethodHandle$Holder.invokeStatic(java.lang.Object, java.lang.Object, java.lang.Object, java.lang.Object)'> (0x00000000891c95d8) 
thrown [t:/workspace/open/src/hotspot/share/interpreter/linkResolver.cpp, line 767]
Event: 0.333 Thread 0x000001749bead800 Exception <a 'java/lang/NoSuchMethodError'{0x0000000089071948}: 'int java.lang.invoke.DirectMethodHandle$Holder.invokeStaticInit(java.lang.Object, java.lang.Object, java.lang.Object)'> (0x0000000089071948) 
thrown [t:/workspace/open/src/hotspot/share/interpreter/linkResolver.cpp, line 767]
Event: 0.333 Thread 0x000001749bead800 Exception <a 'java/lang/NoSuchMethodError'{0x0000000089076c50}: 'int java.lang.invoke.DirectMethodHandle$Holder.invokeStaticInit(java.lang.Object, java.lang.Object)'> (0x0000000089076c50) 
thrown [t:/workspace/open/src/hotspot/share/interpreter/linkResolver.cpp, line 767]
Event: 0.334 Thread 0x000001749bead800 Exception <a 'java/lang/NoSuchMethodError'{0x000000008907ba48}: 'java.lang.Object java.lang.invoke.DirectMethodHandle$Holder.invokeStaticInit(java.lang.Object, java.lang.Object, java.lang.Object)'> (0x000000008907ba48) 
thrown [t:/workspace/open/src/hotspot/share/interpreter/linkResolver.cpp, line 767]

Events (20 events):
Event: 0.468 loading class java/util/concurrent/locks/ReentrantReadWriteLock$Sync
Event: 0.468 loading class java/util/concurrent/locks/ReentrantReadWriteLock$Sync done
Event: 0.468 loading class java/util/concurrent/locks/ReentrantReadWriteLock$NonfairSync done
Event: 0.471 loading class java/util/concurrent/locks/ReentrantReadWriteLock$Sync$ThreadLocalHoldCounter
Event: 0.471 loading class java/util/concurrent/locks/ReentrantReadWriteLock$Sync$ThreadLocalHoldCounter done
Event: 0.471 loading class java/util/concurrent/locks/ReentrantReadWriteLock$ReadLock
Event: 0.471 loading class java/util/concurrent/locks/ReentrantReadWriteLock$ReadLock done
Event: 0.471 loading class java/util/concurrent/locks/ReentrantReadWriteLock$WriteLock
Event: 0.471 loading class java/util/concurrent/locks/ReentrantReadWriteLock$WriteLock done
Event: 0.473 loading class java/lang/IllegalStateException
Event: 0.473 loading class java/lang/IllegalStateException done
Event: 0.475 Executing VM operation: Deoptimize
Event: 0.475 Executing VM operation: Deoptimize done
Event: 0.475 loading class java/lang/ClassLoaderHelper
Event: 0.476 loading class java/lang/ClassLoaderHelper done
Event: 0.480 Loaded shared library C:\Users\migueltoro\git\adda2020\java\EjemplosPL\lpsolve55j.dll
Event: 0.482 loading class java/lang/StringCoding$StringEncoder
Event: 0.482 loading class java/lang/StringCoding$StringEncoder done
Event: 0.514 loading class java/lang/IndexOutOfBoundsException
Event: 0.514 loading class java/lang/IndexOutOfBoundsException done


Dynamic libraries:
0x00007ff693060000 - 0x00007ff69306f000 	C:\Program Files\Java\jdk-13.0.2\bin\javaw.exe
0x00007fff91920000 - 0x00007fff91b10000 	C:\WINDOWS\SYSTEM32\ntdll.dll
0x00007fff8fb50000 - 0x00007fff8fc02000 	C:\WINDOWS\System32\KERNEL32.DLL
0x00007fff8f550000 - 0x00007fff8f7f4000 	C:\WINDOWS\System32\KERNELBASE.dll
0x00007fff8ec30000 - 0x00007fff8ed2a000 	C:\WINDOWS\System32\ucrtbase.dll
0x00007fff8a940000 - 0x00007fff8a955000 	C:\Program Files\Java\jdk-13.0.2\bin\VCRUNTIME140.dll
0x00007fff8a8c0000 - 0x00007fff8a8d8000 	C:\Program Files\Java\jdk-13.0.2\bin\jli.dll
0x00007fff90620000 - 0x00007fff906c3000 	C:\WINDOWS\System32\ADVAPI32.dll
0x00007fff91830000 - 0x00007fff918ce000 	C:\WINDOWS\System32\msvcrt.dll
0x00007fff8fc10000 - 0x00007fff8fca7000 	C:\WINDOWS\System32\sechost.dll
0x00007fff90010000 - 0x00007fff90130000 	C:\WINDOWS\System32\RPCRT4.dll
0x00007fff91430000 - 0x00007fff915c4000 	C:\WINDOWS\System32\USER32.dll
0x00007fff8f800000 - 0x00007fff8f821000 	C:\WINDOWS\System32\win32u.dll
0x00007fff8ff00000 - 0x00007fff8ff26000 	C:\WINDOWS\System32\GDI32.dll
0x00007fff8f830000 - 0x00007fff8f9c4000 	C:\WINDOWS\System32\gdi32full.dll
0x00007fff8ed30000 - 0x00007fff8edce000 	C:\WINDOWS\System32\msvcp_win.dll
0x00007fff7ccd0000 - 0x00007fff7cf54000 	C:\WINDOWS\WinSxS\amd64_microsoft.windows.common-controls_6595b64144ccf1df_6.0.18362.836_none_e6c4b943130f18ed\COMCTL32.dll
0x00007fff910e0000 - 0x00007fff91416000 	C:\WINDOWS\System32\combase.dll
0x00007fff8eb90000 - 0x00007fff8ec10000 	C:\WINDOWS\System32\bcryptPrimitives.dll
0x00007fff86710000 - 0x00007fff8671a000 	C:\WINDOWS\SYSTEM32\VERSION.dll
0x00007fff909c0000 - 0x00007fff909ee000 	C:\WINDOWS\System32\IMM32.DLL
0x00007fff7e840000 - 0x00007fff7e8db000 	C:\Program Files\Java\jdk-13.0.2\bin\msvcp140.dll
0x00007fff3bd30000 - 0x00007fff3c88d000 	C:\Program Files\Java\jdk-13.0.2\bin\server\jvm.dll
0x00007fff90000000 - 0x00007fff90008000 	C:\WINDOWS\System32\PSAPI.DLL
0x00007fff8acb0000 - 0x00007fff8acd4000 	C:\WINDOWS\SYSTEM32\WINMM.dll
0x00007fff8ac80000 - 0x00007fff8acad000 	C:\WINDOWS\SYSTEM32\winmmbase.dll
0x00007fff8e910000 - 0x00007fff8e95a000 	C:\WINDOWS\System32\cfgmgr32.dll
0x00007fff75d20000 - 0x00007fff75d29000 	C:\WINDOWS\SYSTEM32\WSOCK32.dll
0x00007fff8ff90000 - 0x00007fff8ffff000 	C:\WINDOWS\System32\ws2_32.DLL
0x00007fff8e890000 - 0x00007fff8e8a1000 	C:\WINDOWS\System32\kernel.appcore.dll
0x00007fff8a930000 - 0x00007fff8a940000 	C:\Program Files\Java\jdk-13.0.2\bin\verify.dll
0x00007fff796e0000 - 0x00007fff798d4000 	C:\WINDOWS\SYSTEM32\DBGHELP.DLL
0x00007fff77190000 - 0x00007fff771ba000 	C:\WINDOWS\SYSTEM32\dbgcore.DLL
0x00007fff86b40000 - 0x00007fff86b66000 	C:\Program Files\Java\jdk-13.0.2\bin\java.dll
0x00007fff86b20000 - 0x00007fff86b37000 	C:\Program Files\Java\jdk-13.0.2\bin\zip.dll
0x00007fff8a900000 - 0x00007fff8a90a000 	C:\Program Files\Java\jdk-13.0.2\bin\jimage.dll
0x00007fff909f0000 - 0x00007fff910d4000 	C:\WINDOWS\System32\SHELL32.dll
0x00007fff8fcb0000 - 0x00007fff8fd59000 	C:\WINDOWS\System32\shcore.dll
0x00007fff8edd0000 - 0x00007fff8f54e000 	C:\WINDOWS\System32\windows.storage.dll
0x00007fff8e7f0000 - 0x00007fff8e813000 	C:\WINDOWS\System32\profapi.dll
0x00007fff8e840000 - 0x00007fff8e88a000 	C:\WINDOWS\System32\powrprof.dll
0x00007fff8e7e0000 - 0x00007fff8e7f0000 	C:\WINDOWS\System32\UMPDC.dll
0x00007fff908f0000 - 0x00007fff90942000 	C:\WINDOWS\System32\shlwapi.dll
0x00007fff8ec10000 - 0x00007fff8ec27000 	C:\WINDOWS\System32\cryptsp.dll
0x00007fff811c0000 - 0x00007fff811d9000 	C:\Program Files\Java\jdk-13.0.2\bin\net.dll
0x00007fff80330000 - 0x00007fff80420000 	C:\WINDOWS\SYSTEM32\WINHTTP.dll
0x00007fff8dff0000 - 0x00007fff8e057000 	C:\WINDOWS\system32\mswsock.dll
0x00007fff7e820000 - 0x00007fff7e833000 	C:\Program Files\Java\jdk-13.0.2\bin\nio.dll
0x0000000180000000 - 0x0000000180025000 	C:\Users\migueltoro\git\adda2020\java\EjemplosPL\lpsolve55j.dll
0x00000174bca20000 - 0x00000174bcabf000 	C:\Users\migueltoro\git\adda2020\java\EjemplosPL\lpsolve55.dll

dbghelp: loaded successfully - version: 4.0.5 - missing functions: none
symbol engine: initialized successfully - sym options: 0x614 - pdb path: .;C:\Program Files\Java\jdk-13.0.2\bin;C:\WINDOWS\SYSTEM32;C:\WINDOWS\WinSxS\amd64_microsoft.windows.common-controls_6595b64144ccf1df_6.0.18362.836_none_e6c4b943130f18ed;C:\Program Files\Java\jdk-13.0.2\bin\server;C:\Users\migueltoro\git\adda2020\java\EjemplosPL

VM Arguments:
jvm_args: -Dfile.encoding=Cp1252 --module-path=C:\Users\migueltoro\git\adda2020\java\EjemplosPL\bin;C:\Users\migueltoro\git\adda2020\java\EjemplosPL\lib\lpsolve-5.5.2.0.jar;C:\Users\migueltoro\git\adda2020\java\EjemplosPL\lib\commons-math3-3.2.jar;C:\Users\migueltoro\git\adda2020\java\DatosCompartidos\bin;C:\Users\migueltoro\git\adda2020\java\ParteComun\target\classes;C:\Users\migueltoro\git\adda2020\java\ParteComun\lib\commons-math3-3.2.jar;C:\Users\migueltoro\git\adda2020\java\Solve\bin;C:\Users\migueltoro\git\adda2020\java\Solve\lib\lpsolve-5.5.2.0.jar;C:\Users\migueltoro\git\adda2020\java\Solve\lib\gurobi.jar;C:\Users\migueltoro\git\adda2020\java\Grafos\bin;C:\Users\migueltoro\git\adda2020\java\Grafos\lib\commons-math3-3.2.jar;C:\Users\migueltoro\git\adda2020\java\Grafos\lib\jgrapht-core-1.2.0.jar;C:\Users\migueltoro\git\adda2020\java\Grafos\lib\jgrapht-io-1.2.0.jar -Djdk.module.main=ejemplos_pl 
java_command: ejemplos_pl/us.lsi.pli.lpsolve.ReinasLpSolvePLI
java_class_path (initial): <not set>
Launcher Type: SUN_STANDARD

[Global flags]
     intx CICompilerCount                          = 3                                         {product} {ergonomic}
     uint ConcGCThreads                            = 1                                         {product} {ergonomic}
     uint G1ConcRefinementThreads                  = 4                                         {product} {ergonomic}
   size_t G1HeapRegionSize                         = 1048576                                   {product} {ergonomic}
    uintx GCDrainStackTargetSize                   = 64                                        {product} {ergonomic}
   size_t InitialHeapSize                          = 134217728                                 {product} {ergonomic}
   size_t MarkStackSize                            = 4194304                                   {product} {ergonomic}
   size_t MaxHeapSize                              = 2122317824                                {product} {ergonomic}
   size_t MaxNewSize                               = 1272971264                                {product} {ergonomic}
   size_t MinHeapDeltaBytes                        = 1048576                                   {product} {ergonomic}
   size_t MinHeapSize                              = 8388608                                   {product} {ergonomic}
    uintx NonNMethodCodeHeapSize                   = 5832780                                {pd product} {ergonomic}
    uintx NonProfiledCodeHeapSize                  = 122912730                              {pd product} {ergonomic}
    uintx ProfiledCodeHeapSize                     = 122912730                              {pd product} {ergonomic}
    uintx ReservedCodeCacheSize                    = 251658240                              {pd product} {ergonomic}
     bool SegmentedCodeCache                       = true                                      {product} {ergonomic}
   size_t SoftMaxHeapSize                          = 2122317824                             {manageable} {ergonomic}
     bool UseCompressedClassPointers               = true                                 {lp64_product} {ergonomic}
     bool UseCompressedOops                        = true                                 {lp64_product} {ergonomic}
     bool UseG1GC                                  = true                                      {product} {ergonomic}
     bool UseLargePagesIndividualAllocation        = false                                  {pd product} {ergonomic}

Logging:
Log output configuration:
 #0: stdout all=warning uptime,level,tags
 #1: stderr all=off uptime,level,tags

Environment Variables:
PATH=C:\gurobi902\win64\bin;C:\Program Files (x86)\Common Files\Oracle\Java\javapath;C:\Program Files (x86)\Intel\iCLS Client\;C:\Program Files\Intel\iCLS Client\;C:\WINDOWS\system32;C:\WINDOWS;C:\WINDOWS\System32\Wbem;C:\WINDOWS\System32\WindowsPowerShell\v1.0\;C:\Program Files (x86)\Intel\Intel(R) Management Engine Components\DAL;C:\Program Files\Intel\Intel(R) Management Engine Components\DAL;C:\Program Files (x86)\Intel\Intel(R) Management Engine Components\IPT;C:\Program Files\Intel\Intel(R) Management Engine Components\IPT;C:\Program Files (x86)\Skype\Phone\;C:\Program Files (x86)\Calibre2\;C:\WINDOWS\System32\OpenSSH\;C:\Program Files\Microsoft VS Code\bin;C:\Program Files\OpenVPN\bin;C:\Program Files\Intel\WiFi\bin\;C:\Program Files\Common Files\Intel\WirelessCommon\;C:\Program Files\AutoFirmaJA\AutoFirmaJA;C:\Users\migueltoro\AppData\Local\Microsoft\WindowsApps;
USERNAME=migueltoro
OS=Windows_NT
PROCESSOR_IDENTIFIER=Intel64 Family 6 Model 78 Stepping 3, GenuineIntel



---------------  S Y S T E M  ---------------

OS: Windows 10 , 64 bit Build 18362 (10.0.18362.778)

CPU:total 4 (initial active 4) (2 cores per cpu, 2 threads per core) family 6 model 78 stepping 3, cmov, cx8, fxsr, mmx, sse, sse2, sse3, ssse3, sse4.1, sse4.2, popcnt, avx, avx2, aes, clmul, erms, 3dnowpref, lzcnt, ht, tsc, tscinvbit, bmi1, bmi2, adx, fma

Memory: 4k page, system-wide physical 8090M (3984M free)
TotalPageFile size 9371M (AvailPageFile size 3689M)
current process WorkingSet (physical memory assigned to process): 75M, peak: 75M
current process commit charge ("private bytes"): 238M, peak: 238M

vm_info: Java HotSpot(TM) 64-Bit Server VM (13.0.2+8) for windows-amd64 JRE (13.0.2+8), built on Dec 11 2019 09:20:33 by "mach5one" with unknown MS VC++:1916

END.
